TOTYL-0.01.14 is starting on port 3000
TOTYL-0.01.14 launched successfully after 542ms
Thomas has connected. [fT8DPCQp4ZQ0qDe0AAAB]
[3/23/2023 10:02:45] Thomas: Hi I am Thomas
[3/23/2023 10:02:51] Thomas: Nice to meet you brethren
Thomas has connected. [MqLu0-F7Uh1vg827AAAD]
 has connected. [g6Nz7LPgNaeNYcnqAAAF]
[3/23/2023 10:16:04] : 👍
Thomas has disconnected (transport close). [fT8DPCQp4ZQ0qDe0AAAB]
Thomas has disconnected (transport error). [MqLu0-F7Uh1vg827AAAD]
 has disconnected (transport error). [g6Nz7LPgNaeNYcnqAAAF]
Thomas has connected. [6GbtfNrnWIYsV47hAAAH]
Thomas has disconnected (transport close). [6GbtfNrnWIYsV47hAAAH]
Thomas has connected. [-hXCdfmzoeFj4JGAAAAJ]
[3/23/2023 10:47:26] Thomas: hello
Thomas has disconnected (transport close). [-hXCdfmzoeFj4JGAAAAJ]
Thomas has connected. [GDBz7QQwoVwaWVWdAAAL]
Thomas has disconnected (transport close). [GDBz7QQwoVwaWVWdAAAL]
Thomas has connected. [rsVBYOmDpmXKHfnpAAAN]
Thomas has disconnected (transport close). [rsVBYOmDpmXKHfnpAAAN]
Thomas has connected. [5064rQA8qAIlZ4pBAAAP]
Thomas has disconnected (transport close). [5064rQA8qAIlZ4pBAAAP]
Thomas has connected. [fra8EXalt4LCh7WWAAAR]
Thomas has disconnected (transport close). [fra8EXalt4LCh7WWAAAR]
Thomas has connected. [yAPQjt3h9aKkbQ28AAAT]
Thomas has disconnected (transport close). [yAPQjt3h9aKkbQ28AAAT]
Thomas has connected. [DkyyvQMWtovckfsmAAAV]
Thomas has disconnected (transport close). [DkyyvQMWtovckfsmAAAV]
Thomas has connected. [vtDCF-IoSKJYHrU9AAAX]
Thomas has disconnected (transport close). [vtDCF-IoSKJYHrU9AAAX]
Thomas has connected. [bjKzcvd-Jla2YMevAAAZ]
[3/23/2023 10:51:28] Thomas: Thomas
[3/23/2023 10:51:33] Thomas: Thomas
Thomas has disconnected (transport close). [bjKzcvd-Jla2YMevAAAZ]
Thomas has connected. [9K6Lii7uhdOMmTTPAAAb]
[3/23/2023 10:55:30] Thomas: thomas
Thomas has disconnected (transport close). [9K6Lii7uhdOMmTTPAAAb]
Thomas has connected. [X37RGtYISreZMXvRAAAd]
[3/23/2023 11:19:03] Thomas: Hi
[3/23/2023 11:19:15] Thomas:       Hi jordan this message is way out in the middle now lol rekt
[3/23/2023 11:19:47] Thomas:                                                                                                                    There was a thousand spaces before this message                                                                                                                                                                                                                                                                                       this is also space
[3/23/2023 11:23:31] Thomas:                 this is space                            this is also space                 also more space           rekt  two spaces?  only one allowed probably.🤔          ❤️
